[www.metalab.com/index.html]
[backblue.gif]
[fade.gif]
[index.html]
[www.metalab.com/manifest.json]
[cdn.sanity.io/images/nuxb3jim/production/ad1171841321470918a98d9e2bececa26b1e8933-500x500a8cc.png]
[cdn.sanity.io/images/nuxb3jim/production/ad1171841321470918a98d9e2bececa26b1e8933-500x5003d6c.png]
[cdn.sanity.io/images/nuxb3jim/production/ad1171841321470918a98d9e2bececa26b1e8933-500x500aa89.png]
[cdn.sanity.io/images/nuxb3jim/production/ad1171841321470918a98d9e2bececa26b1e8933-500x5005832.png]
[cdn.sanity.io/images/nuxb3jim/production/ad1171841321470918a98d9e2bececa26b1e8933-500x500b556.png]
[cdn.sanity.io/images/nuxb3jim/production/ad1171841321470918a98d9e2bececa26b1e8933-500x50085f2.png]
[cdn.sanity.io/images/nuxb3jim/production/ad1171841321470918a98d9e2bececa26b1e8933-500x500fa26.png]
[cdn.sanity.io/images/nuxb3jim/production/ad1171841321470918a98d9e2bececa26b1e8933-500x50090d7.png]
[cdn.sanity.io/images/nuxb3jim/production/ad1171841321470918a98d9e2bececa26b1e8933-500x5002b75.png]
[cdn.sanity.io/images/nuxb3jim/production/ad1171841321470918a98d9e2bececa26b1e8933-500x500033d.png]
[cdn.sanity.io/images/nuxb3jim/production/ad1171841321470918a98d9e2bececa26b1e8933-500x5004b73.png]
[cdn.sanity.io/images/nuxb3jim/production/ad1171841321470918a98d9e2bececa26b1e8933-500x500c677.png]
[cdn.sanity.io/images/nuxb3jim/production/ad1171841321470918a98d9e2bececa26b1e8933-500x500a5aa.png]
[cdn.sanity.io/images/nuxb3jim/production/ad1171841321470918a98d9e2bececa26b1e8933-500x5004e8f.png]
[www.metalab.com/index-2.html]
[cdn.sanity.io/images/nuxb3jim/production/650536c56eff4fa74f4db66048d36451b2343616-1600x9005798.png]
[cdn.sanity.io/images/nuxb3jim/production/650536c56eff4fa74f4db66048d36451b2343616-1600x900c811.png]
[www.metalab.com/_next/static/css/934e4e6e28d9d062.css]
[www.metalab.com/_next/static/chunks/polyfills-c67a75d1b6f99dc8.js]
[www.metalab.com/_next/static/chunks/webpack-1ad3b3ab79a755b0.js]
[www.metalab.com/_next/static/chunks/framework-0c7baedefba6b077.js]
[www.metalab.com/_next/static/chunks/main-27810a11c8552004.js]
[www.metalab.com/_next/static/chunks/pages/_app-8263762c8642346b.js]
[www.metalab.com/_next/static/chunks/pages/index-a8aa74c64547f691.js]
[www.metalab.com/_next/static/Czl4oKeNSl82PODZ7QpKJ/_buildManifest.js]
[www.metalab.com/_next/static/Czl4oKeNSl82PODZ7QpKJ/_ssgManifest.js]
[www.metalab.com/index.html]
[www.metalab.com/index-2.html]
[www.metalab.com/_next/static/media/basis-grotesque-off-white-pro.9e75bc50.woff2]
[www.metalab.com/_next/static/media/basis-grotesque-regular-pro.7681336c.woff2]
[cdn.sanity.io/images/nuxb3jim/production/c6f17b9351d23c33aef9273c41643b72ec5c860e-1920x10801977.jpg]
[www.metalab.com/_next/static/media/basis-grotesque-medium-pro.efcacb00.woff2]
[www.metalab.com/_next/static/media/ppeiko-light.0703289c.woff2]
[www.metalab.com/_next/static/media/ppeiko-regular.2f66d2cd.woff2]
[www.metalab.com/_next/static/css/934e4e6e28d9d062.css]
[www.googletagmanager.com/gtm5445.html]
[www.metalab.com/_.html]
